Added Component: Designator=C1(JP15-C1T)
Add component (AddParameter): Name = "ComponentLink1 Description"; Value = "Manufacturer"; VariantName = "[No Variations]"
Add component (AddParameter): Name = "ComponentLink1URL"; Value = "http://www.we-online.com"; VariantName = "[No Variations]"
Add component (AddParameter): Name = "ComponentLink2 Description"; Value = "Datasheet"; VariantName = "[No Variations]"
Add component (AddParameter): Name = "ComponentLink2URL"; Value = "http://katalog.we-online.de/em/datasheet/6130xx143121.pdf"; VariantName = "[No Variations]"
Add component (AddParameter): Name = "Created by"; Value = "Karrer Zheng"; VariantName = "[No Variations]"
Add component (AddParameter): Name = "Created Date"; Value = "29 March 2013"; VariantName = "[No Variations]"
Add component (AddParameter): Name = "Manufacturer"; Value = "W¨¹rth Elektronik eiSos GmbH"; VariantName = "[No Variations]"
Add component (AddParameter): Name = "NoPins"; Value = "15"; VariantName = "[No Variations]"
Add component (AddParameter): Name = "partNo"; Value = "613015143121"; VariantName = "[No Variations]"
Added Component: Designator=C2(JP15-C1T)
Add component (AddParameter): Name = "ComponentLink1 Description"; Value = "Manufacturer"; VariantName = "[No Variations]"
Add component (AddParameter): Name = "ComponentLink1URL"; Value = "http://www.we-online.com"; VariantName = "[No Variations]"
Add component (AddParameter): Name = "ComponentLink2 Description"; Value = "Datasheet"; VariantName = "[No Variations]"
Add component (AddParameter): Name = "ComponentLink2URL"; Value = "http://katalog.we-online.de/em/datasheet/6130xx143121.pdf"; VariantName = "[No Variations]"
Add component (AddParameter): Name = "Created by"; Value = "Karrer Zheng"; VariantName = "[No Variations]"
Add component (AddParameter): Name = "Created Date"; Value = "29 March 2013"; VariantName = "[No Variations]"
Add component (AddParameter): Name = "Manufacturer"; Value = "W¨¹rth Elektronik eiSos GmbH"; VariantName = "[No Variations]"
Add component (AddParameter): Name = "NoPins"; Value = "15"; VariantName = "[No Variations]"
Add component (AddParameter): Name = "partNo"; Value = "613015143121"; VariantName = "[No Variations]"
Added Component: Designator=C3(JP15-C1T)
Add component (AddParameter): Name = "ComponentLink1 Description"; Value = "Manufacturer"; VariantName = "[No Variations]"
Add component (AddParameter): Name = "ComponentLink1URL"; Value = "http://www.we-online.com"; VariantName = "[No Variations]"
Add component (AddParameter): Name = "ComponentLink2 Description"; Value = "Datasheet"; VariantName = "[No Variations]"
Add component (AddParameter): Name = "ComponentLink2URL"; Value = "http://katalog.we-online.de/em/datasheet/6130xx143121.pdf"; VariantName = "[No Variations]"
Add component (AddParameter): Name = "Created by"; Value = "Karrer Zheng"; VariantName = "[No Variations]"
Add component (AddParameter): Name = "Created Date"; Value = "29 March 2013"; VariantName = "[No Variations]"
Add component (AddParameter): Name = "Manufacturer"; Value = "W¨¹rth Elektronik eiSos GmbH"; VariantName = "[No Variations]"
Add component (AddParameter): Name = "NoPins"; Value = "15"; VariantName = "[No Variations]"
Add component (AddParameter): Name = "partNo"; Value = "613015143121"; VariantName = "[No Variations]"
Added Component: Designator=C4(JP15-C1T)
Add component (AddParameter): Name = "ComponentLink1 Description"; Value = "Manufacturer"; VariantName = "[No Variations]"
Add component (AddParameter): Name = "ComponentLink1URL"; Value = "http://www.we-online.com"; VariantName = "[No Variations]"
Add component (AddParameter): Name = "ComponentLink2 Description"; Value = "Datasheet"; VariantName = "[No Variations]"
Add component (AddParameter): Name = "ComponentLink2URL"; Value = "http://katalog.we-online.de/em/datasheet/6130xx143121.pdf"; VariantName = "[No Variations]"
Add component (AddParameter): Name = "Created by"; Value = "Karrer Zheng"; VariantName = "[No Variations]"
Add component (AddParameter): Name = "Created Date"; Value = "29 March 2013"; VariantName = "[No Variations]"
Add component (AddParameter): Name = "Manufacturer"; Value = "W¨¹rth Elektronik eiSos GmbH"; VariantName = "[No Variations]"
Add component (AddParameter): Name = "NoPins"; Value = "15"; VariantName = "[No Variations]"
Add component (AddParameter): Name = "partNo"; Value = "613015143121"; VariantName = "[No Variations]"
Added Component: Designator=C5(JP4-C1T)
Add component (AddParameter): Name = "ComponentLink1 Description"; Value = "Manufacturer"; VariantName = "[No Variations]"
Add component (AddParameter): Name = "ComponentLink1URL"; Value = "http://www.we-online.com"; VariantName = "[No Variations]"
Add component (AddParameter): Name = "ComponentLink2 Description"; Value = "Datasheet"; VariantName = "[No Variations]"
Add component (AddParameter): Name = "ComponentLink2URL"; Value = "http://katalog.we-online.de/em/datasheet/6130xx143121.pdf"; VariantName = "[No Variations]"
Add component (AddParameter): Name = "Created by"; Value = "Karrer Zheng"; VariantName = "[No Variations]"
Add component (AddParameter): Name = "Created Date"; Value = "29 March 2013"; VariantName = "[No Variations]"
Add component (AddParameter): Name = "Manufacturer"; Value = "W¨¹rth Elektronik eiSos GmbH"; VariantName = "[No Variations]"
Add component (AddParameter): Name = "NoPins"; Value = "04"; VariantName = "[No Variations]"
Add component (AddParameter): Name = "partNo"; Value = "613004143121"; VariantName = "[No Variations]"
Added Component: Designator=C6(JP3-C1T)
Add component (AddParameter): Name = "ComponentLink1 Description"; Value = "Manufacturer"; VariantName = "[No Variations]"
Add component (AddParameter): Name = "ComponentLink1URL"; Value = "http://www.we-online.com"; VariantName = "[No Variations]"
Add component (AddParameter): Name = "ComponentLink2 Description"; Value = "Datasheet"; VariantName = "[No Variations]"
Add component (AddParameter): Name = "ComponentLink2URL"; Value = "http://katalog.we-online.de/em/datasheet/6130xx143121.pdf"; VariantName = "[No Variations]"
Add component (AddParameter): Name = "Created by"; Value = "Karrer Zheng"; VariantName = "[No Variations]"
Add component (AddParameter): Name = "Created Date"; Value = "29 March 2013"; VariantName = "[No Variations]"
Add component (AddParameter): Name = "Manufacturer"; Value = "W¨¹rth Elektronik eiSos GmbH"; VariantName = "[No Variations]"
Add component (AddParameter): Name = "NoPins"; Value = "03"; VariantName = "[No Variations]"
Add component (AddParameter): Name = "partNo"; Value = "613003143121"; VariantName = "[No Variations]"
Added Component: Designator=C7(JP4-C1T)
Add component (AddParameter): Name = "ComponentLink1 Description"; Value = "Manufacturer"; VariantName = "[No Variations]"
Add component (AddParameter): Name = "ComponentLink1URL"; Value = "http://www.we-online.com"; VariantName = "[No Variations]"
Add component (AddParameter): Name = "ComponentLink2 Description"; Value = "Datasheet"; VariantName = "[No Variations]"
Add component (AddParameter): Name = "ComponentLink2URL"; Value = "http://katalog.we-online.de/em/datasheet/6130xx143121.pdf"; VariantName = "[No Variations]"
Add component (AddParameter): Name = "Created by"; Value = "Karrer Zheng"; VariantName = "[No Variations]"
Add component (AddParameter): Name = "Created Date"; Value = "29 March 2013"; VariantName = "[No Variations]"
Add component (AddParameter): Name = "Manufacturer"; Value = "W¨¹rth Elektronik eiSos GmbH"; VariantName = "[No Variations]"
Add component (AddParameter): Name = "NoPins"; Value = "04"; VariantName = "[No Variations]"
Add component (AddParameter): Name = "partNo"; Value = "613004143121"; VariantName = "[No Variations]"
Added Component: Designator=C8(JP3-C1T)
Add component (AddParameter): Name = "ComponentLink1 Description"; Value = "Manufacturer"; VariantName = "[No Variations]"
Add component (AddParameter): Name = "ComponentLink1URL"; Value = "http://www.we-online.com"; VariantName = "[No Variations]"
Add component (AddParameter): Name = "ComponentLink2 Description"; Value = "Datasheet"; VariantName = "[No Variations]"
Add component (AddParameter): Name = "ComponentLink2URL"; Value = "http://katalog.we-online.de/em/datasheet/6130xx143121.pdf"; VariantName = "[No Variations]"
Add component (AddParameter): Name = "Created by"; Value = "Karrer Zheng"; VariantName = "[No Variations]"
Add component (AddParameter): Name = "Created Date"; Value = "29 March 2013"; VariantName = "[No Variations]"
Add component (AddParameter): Name = "Manufacturer"; Value = "W¨¹rth Elektronik eiSos GmbH"; VariantName = "[No Variations]"
Add component (AddParameter): Name = "NoPins"; Value = "03"; VariantName = "[No Variations]"
Add component (AddParameter): Name = "partNo"; Value = "613003143121"; VariantName = "[No Variations]"
Added Component: Designator=C9(JP4-C1T)
Add component (AddParameter): Name = "ComponentLink1 Description"; Value = "Manufacturer"; VariantName = "[No Variations]"
Add component (AddParameter): Name = "ComponentLink1URL"; Value = "http://www.we-online.com"; VariantName = "[No Variations]"
Add component (AddParameter): Name = "ComponentLink2 Description"; Value = "Datasheet"; VariantName = "[No Variations]"
Add component (AddParameter): Name = "ComponentLink2URL"; Value = "http://katalog.we-online.de/em/datasheet/6130xx143121.pdf"; VariantName = "[No Variations]"
Add component (AddParameter): Name = "Created by"; Value = "Karrer Zheng"; VariantName = "[No Variations]"
Add component (AddParameter): Name = "Created Date"; Value = "29 March 2013"; VariantName = "[No Variations]"
Add component (AddParameter): Name = "Manufacturer"; Value = "W¨¹rth Elektronik eiSos GmbH"; VariantName = "[No Variations]"
Add component (AddParameter): Name = "NoPins"; Value = "04"; VariantName = "[No Variations]"
Add component (AddParameter): Name = "partNo"; Value = "613004143121"; VariantName = "[No Variations]"
Added Component: Designator=C10(JP2-C1T)
Add component (AddParameter): Name = "ComponentLink1 Description"; Value = "Manufacturer"; VariantName = "[No Variations]"
Add component (AddParameter): Name = "ComponentLink1URL"; Value = "http://www.we-online.com"; VariantName = "[No Variations]"
Add component (AddParameter): Name = "ComponentLink2 Description"; Value = "Datasheet"; VariantName = "[No Variations]"
Add component (AddParameter): Name = "ComponentLink2URL"; Value = "http://katalog.we-online.de/em/datasheet/6130xx143121.pdf"; VariantName = "[No Variations]"
Add component (AddParameter): Name = "Created by"; Value = "Karrer Zheng"; VariantName = "[No Variations]"
Add component (AddParameter): Name = "Created Date"; Value = "29 March 2013"; VariantName = "[No Variations]"
Add component (AddParameter): Name = "Manufacturer"; Value = "W¨¹rth Elektronik eiSos GmbH"; VariantName = "[No Variations]"
Add component (AddParameter): Name = "NoPins"; Value = "02"; VariantName = "[No Variations]"
Add component (AddParameter): Name = "partNo"; Value = "613002143121"; VariantName = "[No Variations]"
Added Component: Designator=C11(JP3-D2T)
Add component (AddParameter): Name = "ComponentLink1 Description"; Value = "Manufacturer"; VariantName = "[No Variations]"
Add component (AddParameter): Name = "ComponentLink1URL"; Value = "http://www.we-online.com"; VariantName = "[No Variations]"
Add component (AddParameter): Name = "ComponentLink2 Description"; Value = "Datasheet"; VariantName = "[No Variations]"
Add component (AddParameter): Name = "ComponentLink2URL"; Value = "http://katalog.we-online.de/em/datasheet/6130xx21821.pdf"; VariantName = "[No Variations]"
Add component (AddParameter): Name = "Created by"; Value = "Karrer Zheng"; VariantName = "[No Variations]"
Add component (AddParameter): Name = "Created Date"; Value = "29 March 2013"; VariantName = "[No Variations]"
Add component (AddParameter): Name = "Manufacturer"; Value = "W¨¹rth Elektronik eiSos GmbH"; VariantName = "[No Variations]"
Add component (AddParameter): Name = "NoPins"; Value = "06"; VariantName = "[No Variations]"
Add component (AddParameter): Name = "partNo"; Value = "61300621821"; VariantName = "[No Variations]"
Added Component: Designator=L1(BUCK_LM2596)
Added Pin To Net: NetName=Analog_AS Pin=C1-4
Added Pin To Net: NetName=Analog_AS Pin=C2-4
Added Pin To Net: NetName=Analog_AS Pin=C5-2
Added Net: Name=Analog_AS
Added Pin To Net: NetName=Analog_MQ2 Pin=C1-5
Added Pin To Net: NetName=Analog_MQ2 Pin=C2-5
Added Pin To Net: NetName=Analog_MQ2 Pin=C7-2
Added Net: Name=Analog_MQ2
Added Pin To Net: NetName=Coi Pin=C1-7
Added Pin To Net: NetName=Coi Pin=C2-7
Added Pin To Net: NetName=Coi Pin=C10-1
Added Net: Name=Coi
Added Pin To Net: NetName=Data_DHT11 Pin=C1-8
Added Pin To Net: NetName=Data_DHT11 Pin=C2-8
Added Pin To Net: NetName=Data_DHT11 Pin=C6-1
Added Net: Name=Data_DHT11
Added Pin To Net: NetName=Digital_AS Pin=C1-10
Added Pin To Net: NetName=Digital_AS Pin=C2-10
Added Pin To Net: NetName=Digital_AS Pin=C5-1
Added Net: Name=Digital_AS
Added Pin To Net: NetName=Digital_MQ2 Pin=C1-9
Added Pin To Net: NetName=Digital_MQ2 Pin=C2-9
Added Pin To Net: NetName=Digital_MQ2 Pin=C7-1
Added Net: Name=Digital_MQ2
Added Pin To Net: NetName=Digital_Relay Pin=C1-6
Added Pin To Net: NetName=Digital_Relay Pin=C2-6
Added Pin To Net: NetName=Digital_Relay Pin=C8-1
Added Net: Name=Digital_Relay
Added Pin To Net: NetName=GND Pin=C1-14
Added Pin To Net: NetName=GND Pin=C2-14
Added Pin To Net: NetName=GND Pin=C3-14
Added Pin To Net: NetName=GND Pin=C4-14
Added Pin To Net: NetName=GND Pin=C5-4
Added Pin To Net: NetName=GND Pin=C6-3
Added Pin To Net: NetName=GND Pin=C7-4
Added Pin To Net: NetName=GND Pin=C8-3
Added Pin To Net: NetName=GND Pin=C9-4
Added Pin To Net: NetName=GND Pin=C10-2
Added Pin To Net: NetName=GND Pin=C11-3
Added Pin To Net: NetName=GND Pin=C11-4
Added Net: Name=GND
Added Pin To Net: NetName=NetC1_1 Pin=C1-1
Added Pin To Net: NetName=NetC1_1 Pin=C2-1
Added Net: Name=NetC1_1
Added Pin To Net: NetName=NetC1_2 Pin=C1-2
Added Pin To Net: NetName=NetC1_2 Pin=C2-2
Added Net: Name=NetC1_2
Added Pin To Net: NetName=NetC1_3 Pin=C1-3
Added Pin To Net: NetName=NetC1_3 Pin=C2-3
Added Net: Name=NetC1_3
Added Pin To Net: NetName=NetC1_11 Pin=C1-11
Added Pin To Net: NetName=NetC1_11 Pin=C2-11
Added Net: Name=NetC1_11
Added Pin To Net: NetName=NetC1_12 Pin=C1-12
Added Pin To Net: NetName=NetC1_12 Pin=C2-12
Added Net: Name=NetC1_12
Added Pin To Net: NetName=NetC1_13 Pin=C1-13
Added Pin To Net: NetName=NetC1_13 Pin=C2-13
Added Net: Name=NetC1_13
Added Pin To Net: NetName=NetC3_1 Pin=C3-1
Added Pin To Net: NetName=NetC3_1 Pin=C4-1
Added Net: Name=NetC3_1
Added Pin To Net: NetName=NetC3_3 Pin=C3-3
Added Pin To Net: NetName=NetC3_3 Pin=C4-3
Added Net: Name=NetC3_3
Added Pin To Net: NetName=NetC3_4 Pin=C3-4
Added Pin To Net: NetName=NetC3_4 Pin=C4-4
Added Net: Name=NetC3_4
Added Pin To Net: NetName=NetC3_6 Pin=C3-6
Added Pin To Net: NetName=NetC3_6 Pin=C4-6
Added Net: Name=NetC3_6
Added Pin To Net: NetName=NetC3_7 Pin=C3-7
Added Pin To Net: NetName=NetC3_7 Pin=C4-7
Added Net: Name=NetC3_7
Added Pin To Net: NetName=NetC3_8 Pin=C3-8
Added Pin To Net: NetName=NetC3_8 Pin=C4-8
Added Net: Name=NetC3_8
Added Pin To Net: NetName=NetC3_9 Pin=C3-9
Added Pin To Net: NetName=NetC3_9 Pin=C4-9
Added Net: Name=NetC3_9
Added Pin To Net: NetName=NetC3_10 Pin=C3-10
Added Pin To Net: NetName=NetC3_10 Pin=C4-10
Added Net: Name=NetC3_10
Added Pin To Net: NetName=NetC3_11 Pin=C3-11
Added Pin To Net: NetName=NetC3_11 Pin=C4-11
Added Net: Name=NetC3_11
Added Pin To Net: NetName=NetC3_12 Pin=C3-12
Added Pin To Net: NetName=NetC3_12 Pin=C4-12
Added Net: Name=NetC3_12
Added Pin To Net: NetName=NetC3_13 Pin=C3-13
Added Pin To Net: NetName=NetC3_13 Pin=C4-13
Added Net: Name=NetC3_13
Added Pin To Net: NetName=SCL_LCD Pin=C3-2
Added Pin To Net: NetName=SCL_LCD Pin=C4-2
Added Pin To Net: NetName=SCL_LCD Pin=C9-2
Added Net: Name=SCL_LCD
Added Pin To Net: NetName=SDA_LCD Pin=C3-5
Added Pin To Net: NetName=SDA_LCD Pin=C4-5
Added Pin To Net: NetName=SDA_LCD Pin=C9-1
Added Net: Name=SDA_LCD
Added Pin To Net: NetName=VCC_3V3 Pin=C3-15
Added Pin To Net: NetName=VCC_3V3 Pin=C4-15
Added Pin To Net: NetName=VCC_3V3 Pin=C5-3
Added Pin To Net: NetName=VCC_3V3 Pin=C6-2
Added Pin To Net: NetName=VCC_3V3 Pin=C7-3
Added Pin To Net: NetName=VCC_3V3 Pin=C11-1
Added Pin To Net: NetName=VCC_3V3 Pin=C11-6
Added Net: Name=VCC_3V3
Added Pin To Net: NetName=Vin_5V Pin=C1-15
Added Pin To Net: NetName=Vin_5V Pin=C2-15
Added Pin To Net: NetName=Vin_5V Pin=C8-2
Added Pin To Net: NetName=Vin_5V Pin=C9-3
Added Pin To Net: NetName=Vin_5V Pin=C11-2
Added Pin To Net: NetName=Vin_5V Pin=C11-5
Added Net: Name=Vin_5V
Added Class: Name=Sch_Mang_giao_thuc_Iot
Added Room: Name=Sch_Mang_giao_thuc_Iot
